#
# A fatal error has been detected by the Java Runtime Environment:
#
#  EXCEPTION_ACCESS_VIOLATION (0xc0000005) at pc=0x0000000000000002, pid=16708, tid=0x0000000000002e20
#
# JRE version: Java(TM) SE Runtime Environment (8.0_181-b13) (build 1.8.0_181-b13)
# Java VM: Java HotSpot(TM) 64-Bit Server VM (25.181-b13 mixed mode windows-amd64 compressed oops)
# Problematic frame:
# C  0x0000000000000002
#
# Failed to write core dump. Minidumps are not enabled by default on client versions of Windows
#
# If you would like to submit a bug report, please visit:
#   http://bugreport.java.com/bugreport/crash.jsp
#

---------------  T H R E A D  ---------------

Current thread (0x0000000003310800):  GCTaskThread [stack: 0x00000000139d0000,0x0000000013ad0000] [id=11808]

siginfo: ExceptionCode=0xc0000005, ExceptionInformation=0x0000000000000008 0x0000000000000002

Registers:
RAX=0x000000001c67a9c0, RBX=0x000216eb00005f01, RCX=0x00000007c00119d0, RDX=0x00000000033e5d40
RSP=0x0000000013acf388, RBP=0x0000000000000000, RSI=0x00000000033e5d40, RDI=0x000216ec00005f01
R8 =0x0000000708f1f0c8, R9 =0x00000007c00119d0, R10=0x000000000000000c, R11=0x0000000000005f01
R12=0x00000000513d88b8, R13=0x00000000033118a0, R14=0x0000000003311d20, R15=0x0000000000000000
RIP=0x0000000000000002, EFLAGS=0x0000000000010202

Top of Stack: (sp=0x0000000013acf388)
0x0000000013acf388:   000000005117a270 000000001dde5848
0x0000000013acf398:   0000000000000000 00000000033e5d40
0x0000000013acf3a8:   00000000513d88b8 000216eb00005f01
0x0000000013acf3b8:   000216ec00005f01 00000000515a2d00
0x0000000013acf3c8:   0000000000000004 0000000600000000
0x0000000013acf3d8:   0001339c0000effc 0000000708f1f0a0
0x0000000013acf3e8:   0000000050e95216 0000000708f1f158
0x0000000013acf3f8:   00000000033118a0 0000000003311d30
0x0000000013acf408:   0000000003311d20 00000000513d88b8
0x0000000013acf418:   0000000000000004 000000002307f7e0
0x0000000013acf428:   0000000000000000 00000000033e5d40
0x0000000013acf438:   0000000051177b4f 0000000708f1f0c8
0x0000000013acf448:   000216eb00005f01 000216ec00005f01
0x0000000013acf458:   00000000513d88b8 00000006c1309bb0
0x0000000013acf468:   0000000000000800 000000002307f7e0
0x0000000013acf478:   0000000051174dde 000000004df70917 

Instructions: (pc=0x0000000000000002)
0xffffffffffffffe2:   


Register to memory mapping:

RAX={method} {0x000000001c67a9c8} 'compareTo' '(Ljava/lang/Object;)I' in 'java/lang/Long'
RBX=0x000216eb00005f01 is an unknown value
RCX=0x00000007c00119d0 is pointing into metadata
RDX=0x00000000033e5d40 is an unknown value
RSP=0x0000000013acf388 is an unknown value
RBP=0x0000000000000000 is an unknown value
RSI=0x00000000033e5d40 is an unknown value
RDI=0x000216ec00005f01 is an unknown value
R8 =0x0000000708f1f0c8 is an oop

[error occurred during error reporting (printing register info), id 0xc0000005]

Stack: [0x00000000139d0000,0x0000000013ad0000],  sp=0x0000000013acf388,  free space=1020k
Native frames: (J=compiled Java code, j=interpreted, Vv=VM code, C=native code)


---------------  P R O C E S S  ---------------

Java Threads: ( => current thread )
  0x0000000021d1e800 JavaThread "nREPL-worker-0" daemon [_thread_blocked, id=15912, stack(0x0000000024690000,0x0000000024790000)]
  0x00000000220d4000 JavaThread "clojure-agent-send-off-pool-6" [_thread_blocked, id=8620, stack(0x0000000024490000,0x0000000024590000)]
  0x0000000021b3e800 JavaThread "clojure-agent-send-off-pool-5" [_thread_in_native, id=15344, stack(0x0000000024390000,0x0000000024490000)]
  0x00000000211ae800 JavaThread "clojure-agent-send-off-pool-4" [_thread_blocked, id=16504, stack(0x0000000024290000,0x0000000024390000)]
  0x000000002161b000 JavaThread "clojure-agent-send-off-pool-3" [_thread_blocked, id=14552, stack(0x0000000024190000,0x0000000024290000)]
  0x0000000021bce800 JavaThread "clojure-agent-send-off-pool-2" [_thread_in_native, id=13160, stack(0x0000000023d50000,0x0000000023e50000)]
  0x000000002155e000 JavaThread "clojure-agent-send-off-pool-1" [_thread_blocked, id=14452, stack(0x0000000022a50000,0x0000000022b50000)]
  0x0000000020aa9800 JavaThread "clojure-agent-send-off-pool-0" [_thread_blocked, id=18080, stack(0x0000000020590000,0x0000000020690000)]
  0x000000001f1ab800 JavaThread "Service Thread" daemon [_thread_blocked, id=11036, stack(0x000000001fb90000,0x000000001fc90000)]
  0x000000001f110000 JavaThread "C1 CompilerThread3" daemon [_thread_blocked, id=1860, stack(0x000000001fa90000,0x000000001fb90000)]
  0x000000001f10e800 JavaThread "C2 CompilerThread2" daemon [_thread_blocked, id=18324, stack(0x000000001f990000,0x000000001fa90000)]
  0x000000001f09f000 JavaThread "C2 CompilerThread1" daemon [_thread_blocked, id=12368, stack(0x000000001f890000,0x000000001f990000)]
  0x000000001f09e800 JavaThread "C2 CompilerThread0" daemon [_thread_blocked, id=14268, stack(0x000000001f790000,0x000000001f890000)]
  0x000000001f06d000 JavaThread "Monitor Ctrl-Break" daemon [_thread_in_native, id=10688, stack(0x000000001f690000,0x000000001f790000)]
  0x000000001eecb800 JavaThread "Attach Listener" daemon [_thread_blocked, id=1008, stack(0x000000001f590000,0x000000001f690000)]
  0x000000001eeca800 JavaThread "Signal Dispatcher" daemon [_thread_blocked, id=12488, stack(0x000000001f490000,0x000000001f590000)]
  0x000000001eec0800 JavaThread "Finalizer" daemon [_thread_blocked, id=1204, stack(0x000000001f2a0000,0x000000001f3a0000)]
  0x00000000033ea000 JavaThread "Reference Handler" daemon [_thread_blocked, id=17420, stack(0x000000001eda0000,0x000000001eea0000)]
  0x00000000032f4000 JavaThread "main" [_thread_blocked, id=8828, stack(0x0000000001890000,0x0000000001990000)]

Other Threads:
  0x000000001cfba000 VMThread [stack: 0x000000001eca0000,0x000000001eda0000] [id=7196]
  0x000000001f200000 WatcherThread [stack: 0x000000001fc90000,0x000000001fd90000] [id=16192]

=>0x0000000003310800 (exited) GCTaskThread [stack: 0x00000000139d0000,0x0000000013ad0000] [id=11808]

VM state:at safepoint (normal execution)

VM Mutex/Monitor currently owned by a thread:  ([mutex/lock_event])
[0x00000000032f06d0] Threads_lock - owner thread: 0x000000001cfba000
[0x00000000032f0ed0] Heap_lock - owner thread: 0x0000000021d1e800

Heap:
 PSYoungGen      total 1084928K, used 218208K [0x000000076ab00000, 0x00000007c0000000, 0x00000007c0000000)
  eden space 866304K, 0% used [0x000000076ab00000,0x000000076ab00000,0x000000079f900000)
  from space 218624K, 99% used [0x000000079f900000,0x00000007ace18000,0x00000007ace80000)
  to   space 288768K, 0% used [0x00000007ae600000,0x00000007ae600000,0x00000007c0000000)
 ParOldGen       total 2061312K, used 1717845K [0x00000006c0000000, 0x000000073dd00000, 0x000000076ab00000)
  object space 2061312K, 83% used [0x00000006c0000000,0x0000000728d956d8,0x000000073dd00000)
 Metaspace       used 27104K, capacity 32859K, committed 33200K, reserved 1075200K
  class space    used 6332K, capacity 8243K, committed 8368K, reserved 1048576K

Card table byte_map: [0x0000000012860000,0x0000000013070000] byte_map_base: 0x000000000f260000

Marking Bits: (ParMarkBitMap*) 0x00000000515a2d00
 Begin Bits: [0x0000000013dd0000, 0x0000000017dd0000)
 End Bits:   [0x0000000017dd0000, 0x000000001bdd0000)

Polling page: 0x0000000000ff0000

CodeCache: size=245760Kb used=16347Kb max_used=16357Kb free=229412Kb
 bounds [0x00000000034a0000, 0x00000000044b0000, 0x00000000124a0000]
 total_blobs=3750 nmethods=3366 adapters=295
 compilation: enabled

Compilation events (10 events):
Event: 27.122 Thread 0x000000001f10e800 4181       4       clojure.java.jdbc$result_set_seq$thisfn__4537::invoke (83 bytes)
Event: 27.123 Thread 0x000000001f09e800 nmethod 4179 0x00000000044a7910 code [0x00000000044a7c00, 0x00000000044a8aa8]
Event: 27.123 Thread 0x000000001f09e800 4182       4       clojure.java.jdbc$result_set_seq$row_values__4533::invoke (34 bytes)
Event: 27.125 Thread 0x000000001f09e800 nmethod 4182 0x000000000401df10 code [0x000000000401e080, 0x000000000401e2f8]
Event: 27.130 Thread 0x000000001f10e800 nmethod 4181 0x000000000401ce90 code [0x000000000401d060, 0x000000000401d7c8]
Event: 27.136 Thread 0x000000001f09f000 nmethod 4175 0x000000000449a410 code [0x000000000449a740, 0x000000000449c080]
Event: 28.183 Thread 0x000000001f110000 4183       3       sun.nio.cs.UTF_8$Encoder::overflow (10 bytes)
Event: 28.183 Thread 0x000000001f110000 nmethod 4183 0x0000000003981b50 code [0x0000000003981cc0, 0x0000000003981ec8]
Event: 28.229 Thread 0x000000001f110000 4184       3       java.nio.HeapByteBuffer::put (167 bytes)
Event: 28.230 Thread 0x000000001f110000 nmethod 4184 0x000000000402b6d0 code [0x000000000402b940, 0x000000000402cc98]

GC Heap History (10 events):
Event: 37.124 GC heap after
Heap after GC invocations=24 (full 6):
 PSYoungGen      total 909312K, used 147232K [0x000000076ab00000, 0x00000007b1080000, 0x00000007c0000000)
  eden space 715776K, 0% used [0x000000076ab00000,0x000000076ab00000,0x0000000796600000)
  from space 193536K, 76% used [0x00000007a3500000,0x00000007ac4c8000,0x00000007af200000)
  to   space 211968K, 0% used [0x0000000796600000,0x0000000796600000,0x00000007a3500000)
 ParOldGen       total 1763328K, used 1321793K [0x00000006c0000000, 0x000000072ba00000, 0x000000076ab00000)
  object space 1763328K, 74% used [0x00000006c0000000,0x0000000710ad0748,0x000000072ba00000)
 Metaspace       used 27104K, capacity 32859K, committed 33200K, reserved 1075200K
  class space    used 6332K, capacity 8243K, committed 8368K, reserved 1048576K
}
Event: 40.668 GC heap before
{Heap before GC invocations=25 (full 6):
 PSYoungGen      total 909312K, used 863008K [0x000000076ab00000, 0x00000007b1080000, 0x00000007c0000000)
  eden space 715776K, 100% used [0x000000076ab00000,0x0000000796600000,0x0000000796600000)
  from space 193536K, 76% used [0x00000007a3500000,0x00000007ac4c8000,0x00000007af200000)
  to   space 211968K, 0% used [0x0000000796600000,0x0000000796600000,0x00000007a3500000)
 ParOldGen       total 1763328K, used 1321793K [0x00000006c0000000, 0x000000072ba00000, 0x000000076ab00000)
  object space 1763328K, 74% used [0x00000006c0000000,0x0000000710ad0748,0x000000072ba00000)
 Metaspace       used 27104K, capacity 32859K, committed 33200K, reserved 1075200K
  class space    used 6332K, capacity 8243K, committed 8368K, reserved 1048576K
Event: 40.808 GC heap after
Heap after GC invocations=25 (full 6):
 PSYoungGen      total 927744K, used 180096K [0x000000076ab00000, 0x00000007bde00000, 0x00000007c0000000)
  eden space 715776K, 0% used [0x000000076ab00000,0x000000076ab00000,0x0000000796600000)
  from space 211968K, 84% used [0x0000000796600000,0x00000007a15e0000,0x00000007a3500000)
  to   space 238080K, 0% used [0x00000007af580000,0x00000007af580000,0x00000007bde00000)
 ParOldGen       total 1763328K, used 1441071K [0x00000006c0000000, 0x000000072ba00000, 0x000000076ab00000)
  object space 1763328K, 81% used [0x00000006c0000000,0x0000000717f4bec0,0x000000072ba00000)
 Metaspace       used 27104K, capacity 32859K, committed 33200K, reserved 1075200K
  class space    used 6332K, capacity 8243K, committed 8368K, reserved 1048576K
}
Event: 40.808 GC heap before
{Heap before GC invocations=26 (full 7):
 PSYoungGen      total 927744K, used 180096K [0x000000076ab00000, 0x00000007bde00000, 0x00000007c0000000)
  eden space 715776K, 0% used [0x000000076ab00000,0x000000076ab00000,0x0000000796600000)
  from space 211968K, 84% used [0x0000000796600000,0x00000007a15e0000,0x00000007a3500000)
  to   space 238080K, 0% used [0x00000007af580000,0x00000007af580000,0x00000007bde00000)
 ParOldGen       total 1763328K, used 1441071K [0x00000006c0000000, 0x000000072ba00000, 0x000000076ab00000)
  object space 1763328K, 81% used [0x00000006c0000000,0x0000000717f4bec0,0x000000072ba00000)
 Metaspace       used 27104K, capacity 32859K, committed 33200K, reserved 1075200K
  class space    used 6332K, capacity 8243K, committed 8368K, reserved 1048576K
Event: 41.055 GC heap after
Heap after GC invocations=26 (full 7):
 PSYoungGen      total 927744K, used 0K [0x000000076ab00000, 0x00000007bde00000, 0x00000007c0000000)
  eden space 715776K, 0% used [0x000000076ab00000,0x000000076ab00000,0x0000000796600000)
  from space 211968K, 0% used [0x0000000796600000,0x0000000796600000,0x00000007a3500000)
  to   space 238080K, 0% used [0x00000007af580000,0x00000007af580000,0x00000007bde00000)
 ParOldGen       total 2061312K, used 1571824K [0x00000006c0000000, 0x000000073dd00000, 0x000000076ab00000)
  object space 2061312K, 76% used [0x00000006c0000000,0x000000071fefc330,0x000000073dd00000)
 Metaspace       used 27104K, capacity 32859K, committed 33200K, reserved 1075200K
  class space    used 6332K, capacity 8243K, committed 8368K, reserved 1048576K
}
Event: 44.513 GC heap before
{Heap before GC invocations=27 (full 7):
 PSYoungGen      total 927744K, used 715776K [0x000000076ab00000, 0x00000007bde00000, 0x00000007c0000000)
  eden space 715776K, 100% used [0x000000076ab00000,0x0000000796600000,0x0000000796600000)
  from space 211968K, 0% used [0x0000000796600000,0x0000000796600000,0x00000007a3500000)
  to   space 238080K, 0% used [0x00000007af580000,0x00000007af580000,0x00000007bde00000)
 ParOldGen       total 2061312K, used 1571824K [0x00000006c0000000, 0x000000073dd00000, 0x000000076ab00000)
  object space 2061312K, 76% used [0x00000006c0000000,0x000000071fefc330,0x000000073dd00000)
 Metaspace       used 27104K, capacity 32859K, committed 33200K, reserved 1075200K
  class space    used 6332K, capacity 8243K, committed 8368K, reserved 1048576K
Event: 44.604 GC heap after
Heap after GC invocations=27 (full 7):
 PSYoungGen      total 1104384K, used 180064K [0x000000076ab00000, 0x00000007bfb80000, 0x00000007c0000000)
  eden space 866304K, 0% used [0x000000076ab00000,0x000000076ab00000,0x000000079f900000)
  from space 238080K, 75% used [0x00000007af580000,0x00000007ba558000,0x00000007bde00000)
  to   space 258560K, 0% used [0x000000079f900000,0x000000079f900000,0x00000007af580000)
 ParOldGen       total 2061312K, used 1571824K [0x00000006c0000000, 0x000000073dd00000, 0x000000076ab00000)
  object space 2061312K, 76% used [0x00000006c0000000,0x000000071fefc330,0x000000073dd00000)
 Metaspace       used 27104K, capacity 32859K, committed 33200K, reserved 1075200K
  class space    used 6332K, capacity 8243K, committed 8368K, reserved 1048576K
}
Event: 48.977 GC heap before
{Heap before GC invocations=28 (full 7):
 PSYoungGen      total 1104384K, used 1046368K [0x000000076ab00000, 0x00000007bfb80000, 0x00000007c0000000)
  eden space 866304K, 100% used [0x000000076ab00000,0x000000079f900000,0x000000079f900000)
  from space 238080K, 75% used [0x00000007af580000,0x00000007ba558000,0x00000007bde00000)
  to   space 258560K, 0% used [0x000000079f900000,0x000000079f900000,0x00000007af580000)
 ParOldGen       total 2061312K, used 1571824K [0x00000006c0000000, 0x000000073dd00000, 0x000000076ab00000)
  object space 2061312K, 76% used [0x00000006c0000000,0x000000071fefc330,0x000000073dd00000)
 Metaspace       used 27104K, capacity 32859K, committed 33200K, reserved 1075200K
  class space    used 6332K, capacity 8243K, committed 8368K, reserved 1048576K
Event: 49.121 GC heap after
Heap after GC invocations=28 (full 7):
 PSYoungGen      total 1084928K, used 218208K [0x000000076ab00000, 0x00000007c0000000, 0x00000007c0000000)
  eden space 866304K, 0% used [0x000000076ab00000,0x000000076ab00000,0x000000079f900000)
  from space 218624K, 99% used [0x000000079f900000,0x00000007ace18000,0x00000007ace80000)
  to   space 288768K, 0% used [0x00000007ae600000,0x00000007ae600000,0x00000007c0000000)
 ParOldGen       total 2061312K, used 1717845K [0x00000006c0000000, 0x000000073dd00000, 0x000000076ab00000)
  object space 2061312K, 83% used [0x00000006c0000000,0x0000000728d956d8,0x000000073dd00000)
 Metaspace       used 27104K, capacity 32859K, committed 33200K, reserved 1075200K
  class space    used 6332K, capacity 8243K, committed 8368K, reserved 1048576K
}
Event: 49.121 GC heap before
{Heap before GC invocations=29 (full 8):
 PSYoungGen      total 1084928K, used 218208K [0x000000076ab00000, 0x00000007c0000000, 0x00000007c0000000)
  eden space 866304K, 0% used [0x000000076ab00000,0x000000076ab00000,0x000000079f900000)
  from space 218624K, 99% used [0x000000079f900000,0x00000007ace18000,0x00000007ace80000)
  to   space 288768K, 0% used [0x00000007ae600000,0x00000007ae600000,0x00000007c0000000)
 ParOldGen       total 2061312K, used 1717845K [0x00000006c0000000, 0x000000073dd00000, 0x000000076ab00000)
  object space 2061312K, 83% used [0x00000006c0000000,0x0000000728d956d8,0x000000073dd00000)
 Metaspace       used 27104K, capacity 32859K, committed 33200K, reserved 1075200K
  class space    used 6332K, capacity 8243K, committed 8368K, reserved 1048576K

Deoptimization events (10 events):
Event: 21.289 Thread 0x0000000021d1e800 Uncommon trap: reason=unstable_if action=reinterpret pc=0x00000000037f2804 method=java.lang.CharacterDataLatin1.toUpperCase(I)I @ 12
Event: 21.289 Thread 0x0000000021d1e800 Uncommon trap: reason=class_check action=maybe_recompile pc=0x00000000038b801c method=sun.nio.cs.StreamDecoder.readBytes()I @ 135
Event: 21.290 Thread 0x0000000021d1e800 Uncommon trap: reason=class_check action=maybe_recompile pc=0x00000000038b801c method=sun.nio.cs.StreamDecoder.readBytes()I @ 135
Event: 21.290 Thread 0x0000000021d1e800 Uncommon trap: reason=unstable_if action=reinterpret pc=0x00000000036a05d0 method=java.lang.AbstractStringBuilder.append(Ljava/lang/String;)Ljava/lang/AbstractStringBuilder; @ 1
Event: 21.316 Thread 0x0000000021d1e800 Uncommon trap: reason=unstable_if action=reinterpret pc=0x0000000003cb6f8c method=java.lang.Integer.getChars(II[C)V @ 20
Event: 21.345 Thread 0x0000000021d1e800 Uncommon trap: reason=class_check action=maybe_recompile pc=0x0000000003e7fe74 method=java.util.HashMap.putVal(ILjava/lang/Object;Ljava/lang/Object;ZZ)Ljava/lang/Object; @ 91
Event: 21.488 Thread 0x0000000021d1e800 Uncommon trap: reason=unstable_if action=reinterpret pc=0x0000000003c452dc method=sun.nio.cs.UTF_8$Encoder.encodeBufferLoop(Ljava/nio/CharBuffer;Ljava/nio/ByteBuffer;)Ljava/nio/charset/CoderResult; @ 63
Event: 23.294 Thread 0x000000001eec0800 Uncommon trap: reason=class_check action=maybe_recompile pc=0x0000000003f643f4 method=org.postgresql.jdbc4.AbstractJdbc4ResultSet.close()V @ 8
Event: 23.592 Thread 0x0000000021d1e800 Uncommon trap: reason=unstable_if action=reinterpret pc=0x0000000003baae84 method=sun.nio.cs.UTF_8$Encoder.encodeBufferLoop(Ljava/nio/CharBuffer;Ljava/nio/ByteBuffer;)Ljava/nio/charset/CoderResult; @ 55
Event: 23.593 Thread 0x0000000021d1e800 Uncommon trap: reason=unstable_if action=reinterpret pc=0x0000000003d913e0 method=sun.nio.cs.UTF_8$Decoder.decode([BII[C)I @ 90

Classes redefined (0 events):
No events

Internal exceptions (10 events):
Event: 8.502 Thread 0x0000000021d1e800 Implicit null exception at 0x00000000040085f3 to 0x0000000004008c55
Event: 8.602 Thread 0x0000000021d1e800 Implicit null exception at 0x0000000003e51b31 to 0x0000000003e53709
Event: 8.604 Thread 0x0000000021d1e800 Implicit null exception at 0x0000000003e81e11 to 0x0000000003e83665
Event: 8.605 Thread 0x0000000021d1e800 Implicit null exception at 0x0000000003eac071 to 0x0000000003eac5c1
Event: 8.663 Thread 0x0000000021d1e800 Exception <a 'java/io/FileNotFoundException'> (0x000000077073b3d8) thrown at [C:\re\workspace\8-2-build-windows-amd64-cygwin\jdk8u181\11358\hotspot\src\share\vm\prims\jni.cpp, line 709]
Event: 8.671 Thread 0x0000000021d1e800 Exception <a 'java/io/FileNotFoundException'> (0x000000077078f938) thrown at [C:\re\workspace\8-2-build-windows-amd64-cygwin\jdk8u181\11358\hotspot\src\share\vm\prims\jni.cpp, line 709]
Event: 9.314 Thread 0x0000000021d1e800 Implicit null exception at 0x0000000003e98db0 to 0x0000000003e98e8d
Event: 9.315 Thread 0x0000000021d1e800 Implicit null exception at 0x0000000003e4aa98 to 0x0000000003e4ab5a
Event: 9.759 Thread 0x0000000021bce800 Implicit null exception at 0x0000000004195fec to 0x0000000004196004
Event: 21.290 Thread 0x0000000021d1e800 Implicit null exception at 0x00000000036a0216 to 0x00000000036a05b9

Events (10 events):
Event: 31.122 Executing VM operation: ParallelGCFailedAllocation done
Event: 34.015 Executing VM operation: ParallelGCFailedAllocation
Event: 34.248 Executing VM operation: ParallelGCFailedAllocation done
Event: 37.054 Executing VM operation: ParallelGCFailedAllocation
Event: 37.124 Executing VM operation: ParallelGCFailedAllocation done
Event: 40.667 Executing VM operation: ParallelGCFailedAllocation
Event: 41.055 Executing VM operation: ParallelGCFailedAllocation done
Event: 44.512 Executing VM operation: ParallelGCFailedAllocation
Event: 44.604 Executing VM operation: ParallelGCFailedAllocation done
Event: 48.977 Executing VM operation: ParallelGCFailedAllocation


Dynamic libraries:
0x00007ff61a8b0000 - 0x00007ff61a8e7000 	C:\Program Files\Java\jdk1.8.0_181\bin\java.exe
0x00007ffff2eb0000 - 0x00007ffff3091000 	C:\Windows\SYSTEM32\ntdll.dll
0x00007ffff15a0000 - 0x00007ffff1652000 	C:\Windows\System32\KERNEL32.DLL
0x00007ffff0020000 - 0x00007ffff0293000 	C:\Windows\System32\KERNELBASE.dll
0x00007ffff0720000 - 0x00007ffff07c1000 	C:\Windows\System32\ADVAPI32.dll
0x00007ffff1500000 - 0x00007ffff159e000 	C:\Windows\System32\msvcrt.dll
0x00007ffff0820000 - 0x00007ffff087b000 	C:\Windows\System32\sechost.dll
0x00007ffff1870000 - 0x00007ffff1994000 	C:\Windows\System32\RPCRT4.dll
0x00007ffff0f10000 - 0x00007ffff10a0000 	C:\Windows\System32\USER32.dll
0x00007fffef680000 - 0x00007fffef6a0000 	C:\Windows\System32\win32u.dll
0x00007ffff07d0000 - 0x00007ffff07f8000 	C:\Windows\System32\GDI32.dll
0x00007fffef280000 - 0x00007fffef412000 	C:\Windows\System32\gdi32full.dll
0x00007ffff02a0000 - 0x00007ffff033f000 	C:\Windows\System32\msvcp_win.dll
0x00007fffef4d0000 - 0x00007fffef5ca000 	C:\Windows\System32\ucrtbase.dll
0x00007fffe6f30000 - 0x00007fffe7199000 	C:\Windows\WinSxS\amd64_microsoft.windows.common-controls_6595b64144ccf1df_6.0.17134.345_none_fb429a5930656358\COMCTL32.dll
0x00007ffff03f0000 - 0x00007ffff0713000 	C:\Windows\System32\combase.dll
0x00007fffef6a0000 - 0x00007fffef71a000 	C:\Windows\System32\bcryptPrimitives.dll
0x00007ffff17e0000 - 0x00007ffff180d000 	C:\Windows\System32\IMM32.DLL
0x0000000051650000 - 0x0000000051722000 	C:\Program Files\Java\jdk1.8.0_181\jre\bin\msvcr100.dll
0x0000000050d80000 - 0x0000000051622000 	C:\Program Files\Java\jdk1.8.0_181\jre\bin\server\jvm.dll
0x00007ffff0880000 - 0x00007ffff0888000 	C:\Windows\System32\PSAPI.DLL
0x00007fffe9a40000 - 0x00007fffe9a4a000 	C:\Windows\SYSTEM32\VERSION.dll
0x00007fffebdd0000 - 0x00007fffebdd9000 	C:\Windows\SYSTEM32\WSOCK32.dll
0x00007ffff1760000 - 0x00007ffff17cc000 	C:\Windows\System32\WS2_32.dll
0x00007fffed450000 - 0x00007fffed473000 	C:\Windows\SYSTEM32\WINMM.dll
0x00007fffed3f0000 - 0x00007fffed41a000 	C:\Windows\SYSTEM32\WINMMBASE.dll
0x00007fffef420000 - 0x00007fffef469000 	C:\Windows\System32\cfgmgr32.dll
0x00000000521a0000 - 0x00000000521af000 	C:\Program Files\Java\jdk1.8.0_181\jre\bin\verify.dll
0x0000000050d50000 - 0x0000000050d79000 	C:\Program Files\Java\jdk1.8.0_181\jre\bin\java.dll
0x0000000050d20000 - 0x0000000050d43000 	C:\Program Files\Java\jdk1.8.0_181\jre\bin\instrument.dll
0x0000000050d00000 - 0x0000000050d16000 	C:\Program Files\Java\jdk1.8.0_181\jre\bin\zip.dll
0x00007ffff1a40000 - 0x00007ffff2e7f000 	C:\Windows\System32\SHELL32.dll
0x00007ffff0340000 - 0x00007ffff03e9000 	C:\Windows\System32\shcore.dll
0x00007fffef910000 - 0x00007ffff001d000 	C:\Windows\System32\windows.storage.dll
0x00007ffff14a0000 - 0x00007ffff14f1000 	C:\Windows\System32\shlwapi.dll
0x00007fffef1c0000 - 0x00007fffef1d1000 	C:\Windows\System32\kernel.appcore.dll
0x00007fffef260000 - 0x00007fffef27f000 	C:\Windows\System32\profapi.dll
0x00007fffef210000 - 0x00007fffef25c000 	C:\Windows\System32\powrprof.dll
0x00007fffef1e0000 - 0x00007fffef1ea000 	C:\Windows\System32\FLTLIB.DLL
0x00007fffdd480000 - 0x00007fffdd49a000 	C:\Program Files\JetBrains\IntelliJ IDEA 2018.2.4\bin\breakgen64.dll
0x0000000050ce0000 - 0x0000000050cfa000 	C:\Program Files\Java\jdk1.8.0_181\jre\bin\net.dll
0x00007fffeea40000 - 0x00007fffeeaa6000 	C:\Windows\system32\mswsock.dll
0x00007fffee800000 - 0x00007fffee8be000 	C:\Windows\SYSTEM32\DNSAPI.dll
0x00007ffff17d0000 - 0x00007ffff17d8000 	C:\Windows\System32\NSI.dll
0x00007fffee7c0000 - 0x00007fffee7f8000 	C:\Windows\SYSTEM32\IPHLPAPI.DLL
0x00007fffe5020000 - 0x00007fffe502a000 	C:\Windows\System32\rasadhlp.dll
0x00007fffe7b30000 - 0x00007fffe7ba2000 	C:\Windows\System32\fwpuclnt.dll
0x00007fffeed20000 - 0x00007fffeed45000 	C:\Windows\SYSTEM32\bcrypt.dll
0x00007fffeec00000 - 0x00007fffeec17000 	C:\Windows\SYSTEM32\CRYPTSP.dll
0x00007fffee620000 - 0x00007fffee653000 	C:\Windows\system32\rsaenh.dll
0x00007fffef0c0000 - 0x00007fffef0e8000 	C:\Windows\SYSTEM32\USERENV.dll
0x00007fffeebf0000 - 0x00007fffeebfb000 	C:\Windows\SYSTEM32\CRYPTBASE.dll
0x00007fffe8e50000 - 0x00007fffe8e66000 	C:\Windows\SYSTEM32\dhcpcsvc6.DLL
0x00007fffe8e10000 - 0x00007fffe8e2a000 	C:\Windows\SYSTEM32\dhcpcsvc.DLL
0x0000000050be0000 - 0x0000000050bf1000 	C:\Program Files\Java\jdk1.8.0_181\jre\bin\nio.dll
0x00007fffe0320000 - 0x00007fffe04e9000 	C:\Windows\SYSTEM32\dbghelp.dll

VM Arguments:
jvm_args: -Dfile.encoding=Cp1252 -Xmx4G -Dclojure.compile.path=C:\Source\nav\target\classes -Dnav.version=0.1.0-SNAPSHOT -Dclojure.debug=false -javaagent:C:\Program Files\JetBrains\IntelliJ IDEA 2018.2.4\lib\idea_rt.jar=54544:C:\Program Files\JetBrains\IntelliJ IDEA 2018.2.4\bin 
java_command: clojure.main -i C:\Users\Torkel\AppData\Local\Temp\form-init6987174461462351843.clj
java_class_path (initial): C:\Source\nav\test;C:\Source\nav\src;C:\Source\nav\dev-resources;C:\Source\nav\resources;C:\Source\nav\target\classes;C:\Users\Torkel\.m2\repository\clj-time\clj-time\0.11.0\clj-time-0.11.0.jar;C:\Users\Torkel\.m2\repository\com\google\javascript\closure-compiler-externs\v20160911\closure-compiler-externs-v20160911.jar;C:\Users\Torkel\.m2\repository\com\google\javascript\closure-compiler-unshaded\v20160911\closure-compiler-unshaded-v20160911.jar;C:\Users\Torkel\.m2\repository\org\clojure\clojure\1.8.0\clojure-1.8.0.jar;C:\Users\Torkel\.m2\repository\instaparse\instaparse\1.4.8\instaparse-1.4.8.jar;C:\Users\Torkel\.m2\repository\hickory\hickory\0.7.1\hickory-0.7.1.jar;C:\Users\Torkel\.m2\repository\commons-io\commons-io\2.5\commons-io-2.5.jar;C:\Users\Torkel\.m2\repository\org\clojure\java.jdbc\0.6.1\java.jdbc-0.6.1.jar;C:\Users\Torkel\.m2\repository\org\clojure\tools.macro\0.1.5\tools.macro-0.1.5.jar;C:\Users\Torkel\.m2\repository\compojure\compojure\1.6.1\compojure-1.6.1.jar;C:\Users\Torkel\.m2\repository\commons-fileupload\commons-fileupload\1.3.3\commons-fileupload-1.3.3.jar;C:\Users\Torkel\.m2\repository\org\clojure\tools.nrepl\0.2.12\tools.nrepl-0.2.12.jar;C:\Users\Torkel\.m2\repository\com\google\jsinterop\jsinterop-annotations\1.0.0\jsinterop-annotations-1.0.0.jar;C:\Users\Torkel\.m2\repository\ring\ring-core\1.6.3\ring-core-1.6.3.jar;C:\Users\Torkel\.m2\repository\clojure-complete\clojure-complete\0.2.4\clojure-complete-0.2.4.jar;C:\Users\Torkel\.m2\repository\args4j\args4j\2.0.26\args4j-2.0.26.jar;C:\Users\Torkel\.m2\repository\clojure-csv\clojure-csv\2.0.1\clojure-csv-2.0.1.jar;C:\Users\Torkel\.m2\repository\medley\medley\1.0.0\medley-1.0.0.jar;C:\Users\Torkel\.m2\repository\crypto-equality\crypto-equality\1.0.0\crypto-equality-1.0.0.jar;C:\Users\Torkel\.m2\repository\quoin\quoin\0.1.2\quoin-0.1.2.jar;C:\Users\Torkel\.m2\repository\org\clojure\clojurescript\1.9.293\clojurescript-1.9.293.jar;C:\Users\Torkel\.m2\repository\org\cl
Launcher Type: SUN_STANDARD

Environment Variables:
PATH=C:\Program Files (x86)\Razer Chroma SDK\bin;C:\Program Files\Razer Chroma SDK\bin;C:\Program Files (x86)\Common Files\Oracle\Java\javapath;C:\Windows\system32;C:\Windows;C:\Windows\System32\Wbem;C:\Windows\System32\WindowsPowerShell\v1.0\;C:\Windows\System32\OpenSSH\;C:\Program Files (x86)\NVIDIA Corporation\PhysX\Common;C:\Program Files\Git\cmd;C:\PostgreSQL\pg10\bin;C:\Windows\system32\config\systemprofile\AppData\Local\Microsoft\WindowsApps;C:\Users\Torkel\AppData\Local\Microsoft\WindowsApps;;C:\Users\Torkel\.lein\bin
USERNAME=Torkel
OS=Windows_NT
PROCESSOR_IDENTIFIER=Intel64 Family 6 Model 42 Stepping 7, GenuineIntel



---------------  S Y S T E M  ---------------

OS: Windows 10.0 , 64 bit Build 17134 (10.0.17134.1)

CPU:total 8 (initial active 8) (4 cores per cpu, 2 threads per core) family 6 model 42 stepping 7, cmov, cx8, fxsr, mmx, sse, sse2, sse3, ssse3, sse4.1, sse4.2, popcnt, avx, aes, clmul, ht, tsc, tscinvbit

Memory: 4k page, physical 12555836k(2546160k free), swap 28536636k(3451748k free)

vm_info: Java HotSpot(TM) 64-Bit Server VM (25.181-b13) for windows-amd64 JRE (1.8.0_181-b13), built on Jul  7 2018 04:01:33 by "java_re" with MS VC++ 10.0 (VS2010)

time: Sat Nov 03 23:43:02 2018
elapsed time: 49 seconds (0d 0h 0m 49s)

